<?xml version="1.0" encoding="UTF-8"?>
<testng-results skipped="0" failed="0" total="1" passed="1">
  <reporter-output>
  </reporter-output>
  <suite name="Default suite" duration-ms="229605" started-at="2016-11-17T12:55:17Z" finished-at="2016-11-17T12:59:06Z">
    <groups>
    </groups>
    <test name="Default test" duration-ms="229605" started-at="2016-11-17T12:55:17Z" finished-at="2016-11-17T12:59:06Z">
      <class name="com.moji.miweather.mc.MainPage">
        <test-method status="PASS" signature="setUp()[pri:0, instance:com.moji.miweather.mc.MainPage@ae45eb6]" name="setUp" is-config="true" duration-ms="22433" started-at="2016-11-17T20:55:17Z" finished-at="2016-11-17T20:55:39Z">
          <reporter-output>
          </reporter-output>
        </test-method> <!-- setUp -->
        <test-method status="PASS" signature="test()[pri:0, instance:com.moji.miweather.mc.MainPage@ae45eb6]" name="test" duration-ms="206202" started-at="2016-11-17T20:55:39Z" finished-at="2016-11-17T20:59:05Z">
          <reporter-output>
          </reporter-output>
        </test-method> <!-- test -->
        <test-method status="PASS" signature="tearDown()[pri:0, instance:com.moji.miweather.mc.MainPage@ae45eb6]" name="tearDown" is-config="true" duration-ms="946" started-at="2016-11-17T20:59:05Z" finished-at="2016-11-17T20:59:06Z">
          <reporter-output>
          </reporter-output>
        </test-method> <!-- tearDown -->
      </class> <!-- com.moji.miweather.mc.MainPage -->
    </test> <!-- Default test -->
  </suite> <!-- Default suite -->
</testng-results>
